time="2021-10-07T15:34:33+08:00" level=info version=
time="2021-10-07T15:34:33+08:00" level=info baseDir=/Users/jiangzihan/gitHub/datacollector-edge/resources
time="2021-10-07T15:34:33+08:00" level=info msg="Running on URI : http://localhost:18633"
time="2021-10-07T15:35:47+08:00" level=info version=
time="2021-10-07T15:35:47+08:00" level=info baseDir=/Users/jiangzihan/gitHub/datacollector-edge/resources
time="2021-10-07T15:35:47+08:00" level=info msg="Running on URI : http://localhost:18633"
time="2021-10-07T15:41:34+08:00" level=info msg="Created pipeline" id=localedgea0c69b40-c75a-4336-ab0a-5c0948040c68
time="2021-10-07T15:41:34+08:00" level=info msg="Updated pipeline" id=localedgea0c69b40-c75a-4336-ab0a-5c0948040c68
time="2021-10-07T15:42:22+08:00" level=error msg="Error during fetching CPU Stats" error="no such file or directory"
time="2021-10-07T15:45:10+08:00" level=info version=
time="2021-10-07T15:45:10+08:00" level=info baseDir=/Users/jiangzihan/gitHub/datacollector-edge/resources
time="2021-10-07T15:45:10+08:00" level=info msg="Running on URI : http://localhost:18633"
time="2021-10-07T15:48:04+08:00" level=info version=
time="2021-10-07T15:48:04+08:00" level=info baseDir=/Users/jiangzihan/gitHub/datacollector-edge/resources
time="2021-10-07T15:48:04+08:00" level=info msg="Running on URI : http://localhost:18633"
time="2021-10-07T15:48:40+08:00" level=info version=
time="2021-10-07T15:48:40+08:00" level=info baseDir=/Users/jiangzihan/gitHub/datacollector-edge/resources
time="2021-10-07T15:48:40+08:00" level=info msg="Running on URI : http://localhost:18633"
time="2021-10-07T15:49:05+08:00" level=info version=
time="2021-10-07T15:49:05+08:00" level=info baseDir=/Users/jiangzihan/gitHub/datacollector-edge/resources
time="2021-10-07T15:49:05+08:00" level=info msg="Running on URI : http://localhost:18633"
time="2021-10-07T15:49:54+08:00" level=info version=
time="2021-10-07T15:49:54+08:00" level=info baseDir=/Users/jiangzihan/gitHub/datacollector-edge/resources
time="2021-10-07T15:49:54+08:00" level=info msg="Running on URI : http://localhost:18633"
time="2021-10-07T15:50:12+08:00" level=info msg="Updated pipeline" id=localedgea0c69b40-c75a-4336-ab0a-5c0948040c68
time="2021-10-07T15:50:19+08:00" level=error msg="Error during fetching CPU Stats" error="no such file or directory"
time="2021-10-07T15:50:39+08:00" level=error msg="Error during fetching CPU Stats" error="no such file or directory"
time="2021-10-07T15:51:44+08:00" level=info version=
time="2021-10-07T15:51:44+08:00" level=info baseDir=/Users/jiangzihan/gitHub/datacollector-edge/resources
time="2021-10-07T15:51:44+08:00" level=info msg="Running on URI : http://localhost:18633"
time="2021-10-07T15:53:26+08:00" level=error msg="Error during fetching CPU Stats" error="no such file or directory"
time="2021-10-07T15:53:38+08:00" level=error msg="Error during fetching CPU Stats" error="no such file or directory"
time="2021-10-07T15:54:13+08:00" level=info version=
time="2021-10-07T15:54:13+08:00" level=info baseDir=/Users/jiangzihan/gitHub/datacollector-edge/resources
time="2021-10-07T15:54:13+08:00" level=info msg="Running on URI : http://localhost:18633"
time="2021-10-07T15:54:54+08:00" level=info version=
time="2021-10-07T15:54:54+08:00" level=info baseDir=/Users/jiangzihan/gitHub/datacollector-edge/resources
time="2021-10-07T15:54:54+08:00" level=info msg="Running on URI : http://localhost:18633"
time="2021-10-07T15:55:00+08:00" level=error msg="Error during fetching CPU Stats" error="no such file or directory"
time="2021-10-07T15:55:42+08:00" level=info msg="Updated pipeline" id=localedgea0c69b40-c75a-4336-ab0a-5c0948040c68
time="2021-10-07T15:55:44+08:00" level=error msg="Error during fetching CPU Stats" error="no such file or directory"
time="2021-10-07T15:56:04+08:00" level=info msg="Updated pipeline" id=localedgea0c69b40-c75a-4336-ab0a-5c0948040c68
time="2021-10-07T15:56:06+08:00" level=error msg="Error during fetching CPU Stats" error="no such file or directory"
time="2021-10-07T15:57:12+08:00" level=error msg="Error during fetching CPU Stats" error="no such file or directory"
time="2021-10-07T15:58:41+08:00" level=info msg="Updated pipeline" id=localedgea0c69b40-c75a-4336-ab0a-5c0948040c68
time="2021-10-07T15:58:43+08:00" level=error msg="Error during fetching CPU Stats" error="no such file or directory"
time="2021-10-07T15:59:52+08:00" level=error msg="Error during fetching CPU Stats" error="no such file or directory"
time="2021-10-07T15:59:59+08:00" level=error msg="Error during fetching CPU Stats" error="no such file or directory"
time="2021-10-07T16:00:06+08:00" level=error msg="Error during fetching CPU Stats" error="no such file or directory"
time="2021-10-07T16:01:15+08:00" level=info msg="Updated pipeline" id=localedgea0c69b40-c75a-4336-ab0a-5c0948040c68
time="2021-10-07T16:02:58+08:00" level=error msg="Error during fetching CPU Stats" error="no such file or directory"
time="2021-10-07T16:24:54+08:00" level=info version=
time="2021-10-07T16:24:54+08:00" level=info baseDir=/Users/jiangzihan/gitHub/datacollector-edge/resources
time="2021-10-07T16:24:54+08:00" level=info msg="Running on URI : http://localhost:18633"
time="2021-10-07T16:25:16+08:00" level=info msg="Updated pipeline" id=localedgea0c69b40-c75a-4336-ab0a-5c0948040c68
time="2021-10-07T16:25:26+08:00" level=error msg="Error during fetching CPU Stats" error="no such file or directory"
time="2021-10-07T16:27:33+08:00" level=info version=
time="2021-10-07T16:27:33+08:00" level=info baseDir=/Users/jiangzihan/gitHub/datacollector-edge/resources
time="2021-10-07T16:27:33+08:00" level=info msg="Running on URI : http://localhost:18633"
time="2021-10-07T16:27:51+08:00" level=info version=
time="2021-10-07T16:27:51+08:00" level=info baseDir=/Users/jiangzihan/gitHub/datacollector-edge/resources
time="2021-10-07T16:27:51+08:00" level=info msg="Running on URI : http://localhost:18633"
time="2021-10-07T16:29:14+08:00" level=error msg="Error during fetching CPU Stats" error="no such file or directory"
time="2021-10-07T16:32:58+08:00" level=info version=
time="2021-10-07T16:32:58+08:00" level=info baseDir=/Users/jiangzihan/gitHub/datacollector-edge/resources
time="2021-10-07T16:32:58+08:00" level=info msg="Running on URI : http://localhost:18633"
time="2021-10-07T16:33:05+08:00" level=error msg="Error during fetching CPU Stats" error="no such file or directory"
time="2021-10-07T16:33:55+08:00" level=info version=
time="2021-10-07T16:33:55+08:00" level=info baseDir=/Users/jiangzihan/gitHub/datacollector-edge/resources
time="2021-10-07T16:33:55+08:00" level=info msg="Running on URI : http://localhost:18633"
time="2021-10-07T16:35:05+08:00" level=info msg="Updated pipeline" id=localedgea0c69b40-c75a-4336-ab0a-5c0948040c68
time="2021-10-07T16:36:53+08:00" level=info msg="Updated pipeline" id=localedgea0c69b40-c75a-4336-ab0a-5c0948040c68
time="2021-10-07T16:36:55+08:00" level=error msg="Error during fetching CPU Stats" error="no such file or directory"
time="2021-10-07T16:36:56+08:00" level=error msg="Error during fetching CPU Stats" error="no such file or directory"
time="2021-10-07T16:37:32+08:00" level=info msg="Updated pipeline" id=localedgea0c69b40-c75a-4336-ab0a-5c0948040c68
time="2021-10-07T16:37:39+08:00" level=error msg="Error during fetching CPU Stats" error="no such file or directory"
time="2021-10-07T16:41:34+08:00" level=error msg="Error during fetching CPU Stats" error="no such file or directory"
time="2021-10-07T16:41:41+08:00" level=error msg="Error during fetching CPU Stats" error="no such file or directory"
time="2021-10-07T16:56:58+08:00" level=info msg="Updated pipeline" id=localedgea0c69b40-c75a-4336-ab0a-5c0948040c68
time="2021-10-07T19:04:23+08:00" level=info msg="Created pipeline" id=HTTPTEST90472271-7cec-4a84-b936-7c2b6f4e1ff7
time="2021-10-07T19:04:23+08:00" level=info msg="Updated pipeline" id=HTTPTEST90472271-7cec-4a84-b936-7c2b6f4e1ff7
time="2021-10-07T19:04:23+08:00" level=error error="Batch Mode is not supported"
time="2021-10-07T19:04:41+08:00" level=info msg="Updated pipeline" id=HTTPTEST90472271-7cec-4a84-b936-7c2b6f4e1ff7
time="2021-10-07T19:04:41+08:00" level=error error="Batch Mode is not supported"
time="2021-10-07T19:05:24+08:00" level=info msg="Updated pipeline" id=HTTPTEST90472271-7cec-4a84-b936-7c2b6f4e1ff7
time="2021-10-07T19:05:24+08:00" level=error error="Batch Mode is not supported"
time="2021-10-07T19:06:04+08:00" level=info msg="Updated pipeline" id=HTTPTEST90472271-7cec-4a84-b936-7c2b6f4e1ff7
time="2021-10-07T19:06:04+08:00" level=error error="Batch Mode is not supported"
time="2021-10-07T19:06:37+08:00" level=info msg="Updated pipeline" id=HTTPTEST90472271-7cec-4a84-b936-7c2b6f4e1ff7
time="2021-10-07T19:06:46+08:00" level=info msg="Updated pipeline" id=HTTPTEST90472271-7cec-4a84-b936-7c2b6f4e1ff7
time="2021-10-07T19:46:04+08:00" level=info msg="Updated pipeline" id=HTTPTEST90472271-7cec-4a84-b936-7c2b6f4e1ff7
time="2021-10-07T21:05:01+08:00" level=info version=
time="2021-10-07T21:05:01+08:00" level=info baseDir=/Users/jiangzihan/gitHub/datacollector-edge/resources
time="2021-10-07T21:05:01+08:00" level=info msg="Running on URI : http://localhost:18633"
time="2021-10-07T21:05:56+08:00" level=info msg="Updated pipeline" id=localedgea0c69b40-c75a-4336-ab0a-5c0948040c68
time="2021-10-07T21:05:59+08:00" level=error msg="Error during fetching CPU Stats" error="no such file or directory"
time="2021-10-07T21:05:59+08:00" level=error msg="Failed to execute JavaScript code due to error: ReferenceError: 'sdc' is not defined"
time="2021-10-07T21:07:12+08:00" level=info msg="Updated pipeline" id=localedgea0c69b40-c75a-4336-ab0a-5c0948040c68
time="2021-10-07T21:07:15+08:00" level=error msg="Error during fetching CPU Stats" error="no such file or directory"
time="2021-10-07T21:07:15+08:00" level=error msg="Failed to execute JavaScript code due to error: ReferenceError: 'sdc' is not defined"
time="2021-10-07T21:07:52+08:00" level=info msg="Updated pipeline" id=localedgea0c69b40-c75a-4336-ab0a-5c0948040c68
time="2021-10-07T21:07:54+08:00" level=error msg="Error during fetching CPU Stats" error="no such file or directory"
time="2021-10-07T21:07:54+08:00" level=error msg="Failed to execute JavaScript code due to error: ReferenceError: 'sdc' is not defined"
time="2021-10-07T21:08:28+08:00" level=info msg="Updated pipeline" id=localedgea0c69b40-c75a-4336-ab0a-5c0948040c68
time="2021-10-07T21:08:30+08:00" level=error msg="Error during fetching CPU Stats" error="no such file or directory"
time="2021-10-07T21:10:03+08:00" level=info version=
time="2021-10-07T21:10:03+08:00" level=info baseDir=/Users/jiangzihan/gitHub/datacollector-edge/resources
time="2021-10-07T21:10:03+08:00" level=info msg="Running on URI : http://localhost:18633"
time="2021-10-07T21:11:06+08:00" level=info msg="Updated pipeline" id=localedgea0c69b40-c75a-4336-ab0a-5c0948040c68
time="2021-10-07T21:11:41+08:00" level=info msg="Updated pipeline" id=localedgea0c69b40-c75a-4336-ab0a-5c0948040c68
time="2021-10-07T21:12:06+08:00" level=info msg="Updated pipeline" id=localedgea0c69b40-c75a-4336-ab0a-5c0948040c68
time="2021-10-07T21:12:24+08:00" level=info msg="Updated pipeline" id=localedgea0c69b40-c75a-4336-ab0a-5c0948040c68
time="2021-10-07T21:58:08+08:00" level=info version=
time="2021-10-07T21:58:08+08:00" level=info baseDir=/Users/jiangzihan/gitHub/datacollector-edge/resources
time="2021-10-07T21:58:08+08:00" level=info msg="Running on URI : http://localhost:18633"
time="2021-10-07T21:58:43+08:00" level=info msg="Updated pipeline" id=localedgea0c69b40-c75a-4336-ab0a-5c0948040c68
time="2021-10-07T21:59:15+08:00" level=info version=
time="2021-10-07T21:59:15+08:00" level=info baseDir=/Users/jiangzihan/gitHub/datacollector-edge/resources
time="2021-10-07T21:59:15+08:00" level=info msg="Running on URI : http://localhost:18633"
time="2021-10-07T21:59:22+08:00" level=info msg="Updated pipeline" id=localedgea0c69b40-c75a-4336-ab0a-5c0948040c68
time="2021-10-07T22:00:23+08:00" level=info msg="Updated pipeline" id=localedgea0c69b40-c75a-4336-ab0a-5c0948040c68
time="2021-10-07T22:00:44+08:00" level=info msg="Updated pipeline" id=localedgea0c69b40-c75a-4336-ab0a-5c0948040c68
time="2021-10-07T22:01:32+08:00" level=info msg="Updated pipeline" id=localedgea0c69b40-c75a-4336-ab0a-5c0948040c68
time="2021-10-07T22:03:30+08:00" level=info msg="Updated pipeline" id=localedgea0c69b40-c75a-4336-ab0a-5c0948040c68
time="2021-10-07T22:04:32+08:00" level=info msg="Updated pipeline" id=localedgea0c69b40-c75a-4336-ab0a-5c0948040c68
time="2021-10-07T22:04:51+08:00" level=info msg="Updated pipeline" id=localedgea0c69b40-c75a-4336-ab0a-5c0948040c68
time="2021-10-07T22:06:36+08:00" level=info version=
time="2021-10-07T22:06:36+08:00" level=info baseDir=/Users/jiangzihan/gitHub/datacollector-edge/resources
time="2021-10-07T22:06:36+08:00" level=info msg="Running on URI : http://localhost:18633"
time="2021-10-07T22:06:41+08:00" level=info msg="Updated pipeline" id=localedgea0c69b40-c75a-4336-ab0a-5c0948040c68
time="2021-10-07T22:07:10+08:00" level=info msg="Updated pipeline" id=localedgea0c69b40-c75a-4336-ab0a-5c0948040c68
time="2021-10-07T22:07:29+08:00" level=info msg="Updated pipeline" id=localedgea0c69b40-c75a-4336-ab0a-5c0948040c68
time="2021-10-07T22:08:30+08:00" level=info msg="Updated pipeline" id=localedgea0c69b40-c75a-4336-ab0a-5c0948040c68
time="2021-10-07T22:09:54+08:00" level=info msg="Updated pipeline" id=localedgea0c69b40-c75a-4336-ab0a-5c0948040c68
time="2021-10-07T22:18:49+08:00" level=info version=
time="2021-10-07T22:18:49+08:00" level=info baseDir=/Users/jiangzihan/gitHub/datacollector-edge/resources
time="2021-10-07T22:18:49+08:00" level=info msg="Running on URI : http://localhost:18633"
time="2021-10-07T22:18:58+08:00" level=info msg="Updated pipeline" id=localedgea0c69b40-c75a-4336-ab0a-5c0948040c68
time="2021-10-07T22:20:07+08:00" level=info version=
time="2021-10-07T22:20:07+08:00" level=info baseDir=/Users/jiangzihan/gitHub/datacollector-edge/resources
time="2021-10-07T22:20:07+08:00" level=info msg="Running on URI : http://localhost:18633"
time="2021-10-07T22:20:11+08:00" level=info msg="Updated pipeline" id=localedgea0c69b40-c75a-4336-ab0a-5c0948040c68
time="2021-10-07T22:21:16+08:00" level=info version=
time="2021-10-07T22:21:16+08:00" level=info baseDir=/Users/jiangzihan/gitHub/datacollector-edge/resources
time="2021-10-07T22:21:16+08:00" level=info msg="Running on URI : http://localhost:18633"
time="2021-10-07T22:21:20+08:00" level=info msg="Updated pipeline" id=localedgea0c69b40-c75a-4336-ab0a-5c0948040c68
time="2021-10-07T22:22:03+08:00" level=info version=
time="2021-10-07T22:22:03+08:00" level=info baseDir=/Users/jiangzihan/gitHub/datacollector-edge/resources
time="2021-10-07T22:22:03+08:00" level=info msg="Running on URI : http://localhost:18633"
time="2021-10-07T22:22:12+08:00" level=info msg="Updated pipeline" id=localedgea0c69b40-c75a-4336-ab0a-5c0948040c68
time="2021-10-07T22:23:01+08:00" level=info version=
time="2021-10-07T22:23:01+08:00" level=info baseDir=/Users/jiangzihan/gitHub/datacollector-edge/resources
time="2021-10-07T22:23:01+08:00" level=info msg="Running on URI : http://localhost:18633"
time="2021-10-07T22:23:05+08:00" level=info msg="Updated pipeline" id=localedgea0c69b40-c75a-4336-ab0a-5c0948040c68
time="2021-10-07T22:26:31+08:00" level=info msg="Updated pipeline" id=localedgea0c69b40-c75a-4336-ab0a-5c0948040c68
time="2021-10-07T22:27:22+08:00" level=info msg="Updated pipeline" id=localedgea0c69b40-c75a-4336-ab0a-5c0948040c68
time="2021-10-07T22:27:32+08:00" level=info msg="Updated pipeline" id=localedgea0c69b40-c75a-4336-ab0a-5c0948040c68
time="2021-10-07T22:27:39+08:00" level=info msg="Updated pipeline" id=localedgea0c69b40-c75a-4336-ab0a-5c0948040c68
time="2021-10-07T22:28:58+08:00" level=info msg="Updated pipeline" id=localedgea0c69b40-c75a-4336-ab0a-5c0948040c68
time="2021-10-07T22:30:03+08:00" level=info msg="Updated pipeline" id=localedgea0c69b40-c75a-4336-ab0a-5c0948040c68
time="2021-10-07T22:30:48+08:00" level=info msg="Updated pipeline" id=localedgea0c69b40-c75a-4336-ab0a-5c0948040c68
time="2021-10-07T22:30:59+08:00" level=info version=
time="2021-10-07T22:30:59+08:00" level=info baseDir=/Users/jiangzihan/gitHub/datacollector-edge/resources
time="2021-10-07T22:30:59+08:00" level=info msg="Running on URI : http://localhost:18633"
time="2021-10-07T22:31:03+08:00" level=info msg="Updated pipeline" id=localedgea0c69b40-c75a-4336-ab0a-5c0948040c68
time="2021-10-07T22:32:56+08:00" level=info msg="Updated pipeline" id=localedgea0c69b40-c75a-4336-ab0a-5c0948040c68
time="2021-10-07T22:36:04+08:00" level=info msg="Updated pipeline" id=localedgea0c69b40-c75a-4336-ab0a-5c0948040c68
time="2021-10-07T22:37:22+08:00" level=info msg="Updated pipeline" id=localedgea0c69b40-c75a-4336-ab0a-5c0948040c68
time="2021-10-07T22:39:47+08:00" level=info msg="Updated pipeline" id=localedgea0c69b40-c75a-4336-ab0a-5c0948040c68
time="2021-10-07T22:41:21+08:00" level=info msg="Updated pipeline" id=localedgea0c69b40-c75a-4336-ab0a-5c0948040c68
time="2021-10-07T22:41:47+08:00" level=info msg="Updated pipeline" id=localedgea0c69b40-c75a-4336-ab0a-5c0948040c68
time="2021-10-07T22:42:40+08:00" level=info msg="Updated pipeline" id=localedgea0c69b40-c75a-4336-ab0a-5c0948040c68
time="2021-10-07T22:45:38+08:00" level=info version=
time="2021-10-07T22:45:38+08:00" level=info baseDir=/Users/jiangzihan/gitHub/datacollector-edge/resources
time="2021-10-07T22:45:38+08:00" level=info msg="Running on URI : http://localhost:18633"
time="2021-10-07T22:45:45+08:00" level=info msg="Updated pipeline" id=localedgea0c69b40-c75a-4336-ab0a-5c0948040c68
time="2021-10-07T22:47:24+08:00" level=info version=
time="2021-10-07T22:47:24+08:00" level=info baseDir=/Users/jiangzihan/gitHub/datacollector-edge/resources
time="2021-10-07T22:47:24+08:00" level=info msg="Running on URI : http://localhost:18633"
time="2021-10-07T22:47:32+08:00" level=info msg="Updated pipeline" id=localedgea0c69b40-c75a-4336-ab0a-5c0948040c68
time="2021-10-07T22:55:04+08:00" level=info version=
time="2021-10-07T22:55:04+08:00" level=info baseDir=/Users/jiangzihan/gitHub/datacollector-edge/resources
time="2021-10-07T22:55:04+08:00" level=info msg="Running on URI : http://localhost:18633"
time="2021-10-07T22:55:09+08:00" level=info msg="Updated pipeline" id=localedgea0c69b40-c75a-4336-ab0a-5c0948040c68
time="2021-10-07T22:56:03+08:00" level=info version=
time="2021-10-07T22:56:03+08:00" level=info baseDir=/Users/jiangzihan/gitHub/datacollector-edge/resources
time="2021-10-07T22:56:03+08:00" level=info msg="Running on URI : http://localhost:18633"
time="2021-10-07T22:56:06+08:00" level=info msg="Updated pipeline" id=localedgea0c69b40-c75a-4336-ab0a-5c0948040c68
time="2021-10-07T22:56:28+08:00" level=info version=
time="2021-10-07T22:56:28+08:00" level=info baseDir=/Users/jiangzihan/gitHub/datacollector-edge/resources
time="2021-10-07T22:56:28+08:00" level=info msg="Running on URI : http://localhost:18633"
time="2021-10-07T22:56:31+08:00" level=info msg="Updated pipeline" id=localedgea0c69b40-c75a-4336-ab0a-5c0948040c68
time="2021-10-07T22:57:06+08:00" level=info msg="Updated pipeline" id=localedgea0c69b40-c75a-4336-ab0a-5c0948040c68
time="2021-10-07T23:00:06+08:00" level=info version=
time="2021-10-07T23:00:06+08:00" level=info baseDir=/Users/jiangzihan/gitHub/datacollector-edge/resources
time="2021-10-07T23:00:06+08:00" level=info msg="Running on URI : http://localhost:18633"
time="2021-10-07T23:00:20+08:00" level=info msg="Updated pipeline" id=localedgea0c69b40-c75a-4336-ab0a-5c0948040c68
time="2021-10-07T23:03:36+08:00" level=info msg="Updated pipeline" id=localedgea0c69b40-c75a-4336-ab0a-5c0948040c68
time="2021-10-07T23:04:54+08:00" level=info version=
time="2021-10-07T23:04:54+08:00" level=info baseDir=/Users/jiangzihan/gitHub/datacollector-edge/resources
time="2021-10-07T23:04:54+08:00" level=info msg="Running on URI : http://localhost:18633"
time="2021-10-07T23:04:59+08:00" level=info msg="Updated pipeline" id=localedgea0c69b40-c75a-4336-ab0a-5c0948040c68
time="2021-10-07T23:05:17+08:00" level=error msg="Error during fetching CPU Stats" error="no such file or directory"
time="2021-10-08T09:57:46+08:00" level=info version=
time="2021-10-08T09:57:46+08:00" level=info baseDir=/Users/jiangzihan/gitHub/datacollector-edge/resources
time="2021-10-08T09:57:46+08:00" level=info msg="Running on URI : http://localhost:18633"
time="2021-10-08T16:55:42+08:00" level=info version=
time="2021-10-08T16:55:42+08:00" level=info baseDir=/Users/jiangzihan/gitHub/datacollector-edge/resources
time="2021-10-08T16:55:42+08:00" level=info msg="Running on URI : http://localhost:18633"
time="2021-10-08T17:03:23+08:00" level=info version=
time="2021-10-08T17:03:23+08:00" level=info baseDir=/Users/jiangzihan/gitHub/datacollector-edge/resources
time="2021-10-08T17:03:23+08:00" level=info msg="Running on URI : http://localhost:18633"
time="2021-10-08T21:07:18+08:00" level=info version=
time="2021-10-08T21:07:18+08:00" level=info baseDir=/Users/jiangzihan/gitHub/datacollector-edge/resources
time="2021-10-08T21:07:18+08:00" level=info msg="Running on URI : http://localhost:18633"
time="2021-10-08T21:08:34+08:00" level=info msg="Updated pipeline" id=localedgea0c69b40-c75a-4336-ab0a-5c0948040c68
time="2021-10-08T21:08:36+08:00" level=error msg="Error during fetching CPU Stats" error="no such file or directory"
time="2021-10-08T21:10:03+08:00" level=info msg="Updated pipeline" id=localedgea0c69b40-c75a-4336-ab0a-5c0948040c68
time="2021-10-08T21:10:03+08:00" level=info msg="Starting pipeline" id=localedgea0c69b40-c75a-4336-ab0a-5c0948040c68
time="2021-10-08T21:10:05+08:00" level=error msg="Error during fetching CPU Stats" error="no such file or directory"
time="2021-10-08T21:10:07+08:00" level=error msg="Error during fetching CPU Stats" error="no such file or directory"
time="2021-10-08T21:10:09+08:00" level=error msg="Error during fetching CPU Stats" error="no such file or directory"
time="2021-10-08T21:10:11+08:00" level=error msg="Error during fetching CPU Stats" error="no such file or directory"
time="2021-10-08T21:10:14+08:00" level=error msg="Error during fetching CPU Stats" error="no such file or directory"
time="2021-10-08T21:10:16+08:00" level=error msg="Error during fetching CPU Stats" error="no such file or directory"
time="2021-10-08T21:10:18+08:00" level=error msg="Error during fetching CPU Stats" error="no such file or directory"
time="2021-10-08T21:10:20+08:00" level=error msg="Error during fetching CPU Stats" error="no such file or directory"
time="2021-10-08T21:10:22+08:00" level=error msg="Error during fetching CPU Stats" error="no such file or directory"
time="2021-10-08T21:10:24+08:00" level=error msg="Error during fetching CPU Stats" error="no such file or directory"
time="2021-10-08T21:10:26+08:00" level=error msg="Error during fetching CPU Stats" error="no such file or directory"
time="2021-10-08T21:10:29+08:00" level=error msg="Error during fetching CPU Stats" error="no such file or directory"
time="2021-10-08T21:10:31+08:00" level=error msg="Error during fetching CPU Stats" error="no such file or directory"
time="2021-10-08T21:10:33+08:00" level=error msg="Error during fetching CPU Stats" error="no such file or directory"
time="2021-10-08T21:10:35+08:00" level=error msg="Error during fetching CPU Stats" error="no such file or directory"
time="2021-10-08T21:10:37+08:00" level=error msg="Error during fetching CPU Stats" error="no such file or directory"
time="2021-10-08T21:10:39+08:00" level=error msg="Error during fetching CPU Stats" error="no such file or directory"
time="2021-10-08T21:10:42+08:00" level=error msg="Error during fetching CPU Stats" error="no such file or directory"
time="2021-10-08T21:10:44+08:00" level=error msg="Error during fetching CPU Stats" error="no such file or directory"
time="2021-10-08T21:10:46+08:00" level=error msg="Error during fetching CPU Stats" error="no such file or directory"
time="2021-10-08T21:10:48+08:00" level=error msg="Error during fetching CPU Stats" error="no such file or directory"
time="2021-10-08T21:10:50+08:00" level=error msg="Error during fetching CPU Stats" error="no such file or directory"
time="2021-10-08T21:10:52+08:00" level=error msg="Error during fetching CPU Stats" error="no such file or directory"
time="2021-10-08T21:10:54+08:00" level=error msg="Error during fetching CPU Stats" error="no such file or directory"
time="2021-10-08T21:10:57+08:00" level=error msg="Error during fetching CPU Stats" error="no such file or directory"
time="2021-10-08T21:10:59+08:00" level=error msg="Error during fetching CPU Stats" error="no such file or directory"
time="2021-10-08T21:11:01+08:00" level=error msg="Error during fetching CPU Stats" error="no such file or directory"
time="2021-10-08T21:11:03+08:00" level=error msg="Error during fetching CPU Stats" error="no such file or directory"
time="2021-10-08T21:11:05+08:00" level=error msg="Error during fetching CPU Stats" error="no such file or directory"
time="2021-10-08T21:11:07+08:00" level=error msg="Error during fetching CPU Stats" error="no such file or directory"
time="2021-10-08T21:11:10+08:00" level=error msg="Error during fetching CPU Stats" error="no such file or directory"
time="2021-10-08T21:11:12+08:00" level=error msg="Error during fetching CPU Stats" error="no such file or directory"
time="2021-10-08T21:11:14+08:00" level=error msg="Error during fetching CPU Stats" error="no such file or directory"
time="2021-10-08T21:11:16+08:00" level=error msg="Error during fetching CPU Stats" error="no such file or directory"
time="2021-10-08T21:11:18+08:00" level=error msg="Error during fetching CPU Stats" error="no such file or directory"
time="2021-10-08T21:11:19+08:00" level=info msg="Stopping pipeline" id=localedgea0c69b40-c75a-4336-ab0a-5c0948040c68
time="2021-10-08T21:11:20+08:00" level=error msg="Error during fetching CPU Stats" error="no such file or directory"
time="2021-10-08T21:11:35+08:00" level=info msg="Updated pipeline" id=localedgea0c69b40-c75a-4336-ab0a-5c0948040c68
time="2021-10-08T21:11:37+08:00" level=error msg="Error during fetching CPU Stats" error="no such file or directory"
time="2021-10-08T21:12:34+08:00" level=info msg="Updated pipeline" id=localedgea0c69b40-c75a-4336-ab0a-5c0948040c68
time="2021-10-08T21:12:34+08:00" level=info msg="Starting pipeline" id=localedgea0c69b40-c75a-4336-ab0a-5c0948040c68
time="2021-10-08T21:12:36+08:00" level=error msg="Error during fetching CPU Stats" error="no such file or directory"
time="2021-10-08T21:12:38+08:00" level=error msg="Error during fetching CPU Stats" error="no such file or directory"
time="2021-10-08T21:12:40+08:00" level=error msg="Error during fetching CPU Stats" error="no such file or directory"
time="2021-10-08T21:12:43+08:00" level=error msg="Error during fetching CPU Stats" error="no such file or directory"
time="2021-10-08T21:12:45+08:00" level=error msg="Error during fetching CPU Stats" error="no such file or directory"
time="2021-10-08T21:12:47+08:00" level=error msg="Error during fetching CPU Stats" error="no such file or directory"
time="2021-10-08T21:12:49+08:00" level=error msg="Error during fetching CPU Stats" error="no such file or directory"
time="2021-10-08T21:12:51+08:00" level=error msg="Error during fetching CPU Stats" error="no such file or directory"
time="2021-10-08T21:12:53+08:00" level=error msg="Error during fetching CPU Stats" error="no such file or directory"
time="2021-10-08T21:12:55+08:00" level=error msg="Error during fetching CPU Stats" error="no such file or directory"
time="2021-10-08T21:12:58+08:00" level=error msg="Error during fetching CPU Stats" error="no such file or directory"
time="2021-10-08T21:13:00+08:00" level=error msg="Error during fetching CPU Stats" error="no such file or directory"
time="2021-10-08T21:13:02+08:00" level=error msg="Error during fetching CPU Stats" error="no such file or directory"
time="2021-10-08T21:13:04+08:00" level=error msg="Error during fetching CPU Stats" error="no such file or directory"
time="2021-10-08T21:13:06+08:00" level=error msg="Error during fetching CPU Stats" error="no such file or directory"
time="2021-10-08T21:13:08+08:00" level=error msg="Error during fetching CPU Stats" error="no such file or directory"
time="2021-10-08T21:13:11+08:00" level=error msg="Error during fetching CPU Stats" error="no such file or directory"
time="2021-10-08T21:13:13+08:00" level=error msg="Error during fetching CPU Stats" error="no such file or directory"
time="2021-10-08T21:13:15+08:00" level=error msg="Error during fetching CPU Stats" error="no such file or directory"
time="2021-10-08T21:13:17+08:00" level=error msg="Error during fetching CPU Stats" error="no such file or directory"
time="2021-10-08T21:13:19+08:00" level=error msg="Error during fetching CPU Stats" error="no such file or directory"
time="2021-10-08T21:13:21+08:00" level=error msg="Error during fetching CPU Stats" error="no such file or directory"
time="2021-10-08T21:13:24+08:00" level=error msg="Error during fetching CPU Stats" error="no such file or directory"
time="2021-10-08T21:13:26+08:00" level=error msg="Error during fetching CPU Stats" error="no such file or directory"
time="2021-10-08T21:13:28+08:00" level=error msg="Error during fetching CPU Stats" error="no such file or directory"
time="2021-10-08T21:13:30+08:00" level=error msg="Error during fetching CPU Stats" error="no such file or directory"
time="2021-10-08T21:13:32+08:00" level=error msg="Error during fetching CPU Stats" error="no such file or directory"
time="2021-10-08T21:13:34+08:00" level=error msg="Error during fetching CPU Stats" error="no such file or directory"
time="2021-10-08T21:13:37+08:00" level=error msg="Error during fetching CPU Stats" error="no such file or directory"
time="2021-10-08T21:13:39+08:00" level=error msg="Error during fetching CPU Stats" error="no such file or directory"
time="2021-10-08T21:13:41+08:00" level=error msg="Error during fetching CPU Stats" error="no such file or directory"
time="2021-10-08T21:13:43+08:00" level=error msg="Error during fetching CPU Stats" error="no such file or directory"
time="2021-10-08T21:13:45+08:00" level=error msg="Error during fetching CPU Stats" error="no such file or directory"
time="2021-10-08T21:13:47+08:00" level=error msg="Error during fetching CPU Stats" error="no such file or directory"
time="2021-10-08T21:13:49+08:00" level=error msg="Error during fetching CPU Stats" error="no such file or directory"
time="2021-10-08T21:13:52+08:00" level=error msg="Error during fetching CPU Stats" error="no such file or directory"
